# JRE version: Java(TM) SE Runtime Environment (25.0+37) (build 25+37-LTS-3491)
# Java VM: Java HotSpot(TM) 64-Bit Server VM (25+37-LTS-3491, mixed mode, sharing, tiered, compressed oops, compressed class ptrs, parallel gc, windows-amd64)
GC Precious Log:
 CardTable entry size: 512
 CPUs: 8 total, 8 available
 Memory: 16158M
 Large Page Support: Disabled
 NUMA Support: Disabled
 Compressed Oops: Enabled (32-bit)
 Alignments: Space 512K, Generation 512K, Heap 2M
 Heap Min Capacity: 100M
 Heap Initial Capacity: 100M
 Heap Max Capacity: 2G
 Pre-touch: Disabled
 Parallel Workers: 8
Heap:
 PSYoungGen      total 30208K, used 6367K [0x00000000d5580000, 0x00000000d7680000, 0x0000000100000000)
  eden space 29696K, 20% used [0x00000000d5580000,0x00000000d5b4e908,0x00000000d7280000)
  from space 512K, 96% used [0x00000000d7600000,0x00000000d767c030,0x00000000d7680000)
  to   space 2048K, 0% used [0x00000000d7280000,0x00000000d7280000,0x00000000d7480000)
 ParOldGen       total 68608K, used 34868K [0x0000000080000000, 0x0000000084300000, 0x00000000d5580000)
  object space 68608K, 50% used [0x0000000080000000,0x000000008220d178,0x0000000084300000)
GC Heap Usage History (20 events):
Event: 10.975 {heap Before GC invocations=10 (full 1):
 PSYoungGen      total 31232K, used 28581K [0x00000000d5580000, 0x00000000d7680000, 0x0000000100000000)
  eden space 27648K, 100% used [0x00000000d5580000,0x00000000d7080000,0x00000000d7080000)
  from space 3584K, 26% used [0x00000000d7300000,0x00000000d73e9688,0x00000000d7680000)
  to   space 2560K, 0% used [0x00000000d7080000,0x00000000d7080000,0x00000000d7300000)
 ParOldGen       total 68608K, used 14196K [0x0000000080000000, 0x0000000084300000, 0x00000000d558000Event: 10.978 {heap After GC invocations=10 (full 1):
 PSYoungGen      total 30208K, used 1967K [0x00000000d5580000, 0x00000000d7680000, 0x0000000100000000)
  eden space 27648K, 0% used [0x00000000d5580000,0x00000000d5580000,0x00000000d7080000)
  from space 2560K, 76% used [0x00000000d7080000,0x00000000d726bf08,0x00000000d7300000)
  to   space 2560K, 0% used [0x00000000d7400000,0x00000000d7400000,0x00000000d7680000)
 ParOldGen       total 68608K, used 14986K [0x0000000080000000, 0x0000000084300000, 0x00000000d5580000)
 Event: 11.519 {heap Before GC invocations=11 (full 1):
 PSYoungGen      total 30208K, used 29614K [0x00000000d5580000, 0x00000000d7680000, 0x0000000100000000)
  eden space 27648K, 99% used [0x00000000d5580000,0x00000000d707fa60,0x00000000d7080000)
  from space 2560K, 76% used [0x00000000d7080000,0x00000000d726bf08,0x00000000d7300000)
  to   space 2560K, 0% used [0x00000000d7400000,0x00000000d7400000,0x00000000d7680000)
 ParOldGen       total 68608K, used 14986K [0x0000000080000000, 0x0000000084300000, 0x00000000d5580000Event: 11.522 {heap After GC invocations=11 (full 1):
 PSYoungGen      total 31232K, used 2435K [0x00000000d5580000, 0x00000000d7680000, 0x0000000100000000)
  eden space 28672K, 0% used [0x00000000d5580000,0x00000000d5580000,0x00000000d7180000)
  from space 2560K, 95% used [0x00000000d7400000,0x00000000d7660d18,0x00000000d7680000)
  to   space 2560K, 0% used [0x00000000d7180000,0x00000000d7180000,0x00000000d7400000)
 ParOldGen       total 68608K, used 15695K [0x0000000080000000, 0x0000000084300000, 0x00000000d5580000)
 Event: 12.006 {heap Before GC invocations=12 (full 1):
 PSYoungGen      total 31232K, used 31107K [0x00000000d5580000, 0x00000000d7680000, 0x0000000100000000)
  eden space 28672K, 100% used [0x00000000d5580000,0x00000000d7180000,0x00000000d7180000)
  from space 2560K, 95% used [0x00000000d7400000,0x00000000d7660d18,0x00000000d7680000)
  to   space 2560K, 0% used [0x00000000d7180000,0x00000000d7180000,0x00000000d7400000)
 ParOldGen       total 68608K, used 15695K [0x0000000080000000, 0x0000000084300000, 0x00000000d558000Event: 12.013 {heap After GC invocations=12 (full 1):
 PSYoungGen      total 31232K, used 1229K [0x00000000d5580000, 0x00000000d7680000, 0x0000000100000000)
  eden space 28672K, 0% used [0x00000000d5580000,0x00000000d5580000,0x00000000d7180000)
  from space 2560K, 48% used [0x00000000d7180000,0x00000000d72b3508,0x00000000d7400000)
  to   space 2048K, 0% used [0x00000000d7480000,0x00000000d7480000,0x00000000d7680000)
 ParOldGen       total 68608K, used 17932K [0x0000000080000000, 0x0000000084300000, 0x00000000d5580000)
 Event: 12.235 {heap Before GC invocations=13 (full 2):
 PSYoungGen      total 31232K, used 22413K [0x00000000d5580000, 0x00000000d7680000, 0x0000000100000000)
  eden space 28672K, 73% used [0x00000000d5580000,0x00000000d6a30068,0x00000000d7180000)
  from space 2560K, 48% used [0x00000000d7180000,0x00000000d72b3508,0x00000000d7400000)
  to   space 2048K, 0% used [0x00000000d7480000,0x00000000d7480000,0x00000000d7680000)
 ParOldGen       total 68608K, used 17932K [0x0000000080000000, 0x0000000084300000, 0x00000000d5580000Event: 12.286 {heap After GC invocations=13 (full 2):
 PSYoungGen      total 31232K, used 0K [0x00000000d5580000, 0x00000000d7680000, 0x0000000100000000)
  eden space 28672K, 0% used [0x00000000d5580000,0x00000000d5580000,0x00000000d7180000)
  from space 2560K, 0% used [0x00000000d7180000,0x00000000d7180000,0x00000000d7400000)
  to   space 2048K, 0% used [0x00000000d7480000,0x00000000d7480000,0x00000000d7680000)
 ParOldGen       total 68608K, used 20317K [0x0000000080000000, 0x0000000084300000, 0x00000000d5580000)
  objEvent: 12.638 {heap Before GC invocations=14 (full 2):
 PSYoungGen      total 31232K, used 28672K [0x00000000d5580000, 0x00000000d7680000, 0x0000000100000000)
  eden space 28672K, 100% used [0x00000000d5580000,0x00000000d7180000,0x00000000d7180000)
  from space 2560K, 0% used [0x00000000d7180000,0x00000000d7180000,0x00000000d7400000)
  to   space 2048K, 0% used [0x00000000d7480000,0x00000000d7480000,0x00000000d7680000)
 ParOldGen       total 68608K, used 20317K [0x0000000080000000, 0x0000000084300000, 0x00000000d5580000Event: 12.643 {heap After GC invocations=14 (full 2):
 PSYoungGen      total 30208K, used 2032K [0x00000000d5580000, 0x00000000d7800000, 0x0000000100000000)
  eden space 28160K, 0% used [0x00000000d5580000,0x00000000d5580000,0x00000000d7100000)
  from space 2048K, 99% used [0x00000000d7480000,0x00000000d767c010,0x00000000d7680000)
  to   space 3584K, 0% used [0x00000000d7100000,0x00000000d7100000,0x00000000d7480000)
 ParOldGen       total 68608K, used 21085K [0x0000000080000000, 0x0000000084300000, 0x00000000d5580000)
 Event: 13.131 {heap Before GC invocations=15 (full 2):
 PSYoungGen      total 30208K, used 30192K [0x00000000d5580000, 0x00000000d7800000, 0x0000000100000000)
  eden space 28160K, 100% used [0x00000000d5580000,0x00000000d7100000,0x00000000d7100000)
  from space 2048K, 99% used [0x00000000d7480000,0x00000000d767c010,0x00000000d7680000)
  to   space 3584K, 0% used [0x00000000d7100000,0x00000000d7100000,0x00000000d7480000)
 ParOldGen       total 68608K, used 21085K [0x0000000080000000, 0x0000000084300000, 0x00000000d558000Event: 13.138 {heap After GC invocations=15 (full 2):
 PSYoungGen      total 31232K, used 3573K [0x00000000d5580000, 0x00000000d7e80000, 0x0000000100000000)
  eden space 27648K, 0% used [0x00000000d5580000,0x00000000d5580000,0x00000000d7080000)
  from space 3584K, 99% used [0x00000000d7100000,0x00000000d747d498,0x00000000d7480000)
  to   space 7168K, 0% used [0x00000000d7780000,0x00000000d7780000,0x00000000d7e80000)
 ParOldGen       total 68608K, used 23934K [0x0000000080000000, 0x0000000084300000, 0x00000000d5580000)
 Event: 13.937 {heap Before GC invocations=16 (full 2):
 PSYoungGen      total 31232K, used 31221K [0x00000000d5580000, 0x00000000d7e80000, 0x0000000100000000)
  eden space 27648K, 100% used [0x00000000d5580000,0x00000000d7080000,0x00000000d7080000)
  from space 3584K, 99% used [0x00000000d7100000,0x00000000d747d498,0x00000000d7480000)
  to   space 7168K, 0% used [0x00000000d7780000,0x00000000d7780000,0x00000000d7e80000)
 ParOldGen       total 68608K, used 23934K [0x0000000080000000, 0x0000000084300000, 0x00000000d558000Event: 13.946 {heap After GC invocations=16 (full 2):
 PSYoungGen      total 32256K, used 4960K [0x00000000d5580000, 0x00000000d7c80000, 0x0000000100000000)
  eden space 27136K, 0% used [0x00000000d5580000,0x00000000d5580000,0x00000000d7000000)
  from space 5120K, 96% used [0x00000000d7780000,0x00000000d7c58000,0x00000000d7c80000)
  to   space 5632K, 0% used [0x00000000d7180000,0x00000000d7180000,0x00000000d7700000)
 ParOldGen       total 68608K, used 26974K [0x0000000080000000, 0x0000000084300000, 0x00000000d5580000)
 Event: 17.699 {heap Before GC invocations=17 (full 2):
 PSYoungGen      total 32256K, used 32096K [0x00000000d5580000, 0x00000000d7c80000, 0x0000000100000000)
  eden space 27136K, 100% used [0x00000000d5580000,0x00000000d7000000,0x00000000d7000000)
  from space 5120K, 96% used [0x00000000d7780000,0x00000000d7c58000,0x00000000d7c80000)
  to   space 5632K, 0% used [0x00000000d7180000,0x00000000d7180000,0x00000000d7700000)
 ParOldGen       total 68608K, used 26974K [0x0000000080000000, 0x0000000084300000, 0x00000000d558000Event: 17.711 {heap After GC invocations=17 (full 2):
 PSYoungGen      total 30720K, used 1915K [0x00000000d5580000, 0x00000000d7800000, 0x0000000100000000)
  eden space 28672K, 0% used [0x00000000d5580000,0x00000000d5580000,0x00000000d7180000)
  from space 2048K, 93% used [0x00000000d7180000,0x00000000d735ee90,0x00000000d7380000)
  to   space 3584K, 0% used [0x00000000d7480000,0x00000000d7480000,0x00000000d7800000)
 ParOldGen       total 68608K, used 31767K [0x0000000080000000, 0x0000000084300000, 0x00000000d5580000)
 Event: 19.864 {heap Before GC invocations=18 (full 2):
 PSYoungGen      total 30720K, used 30587K [0x00000000d5580000, 0x00000000d7800000, 0x0000000100000000)
  eden space 28672K, 100% used [0x00000000d5580000,0x00000000d7180000,0x00000000d7180000)
  from space 2048K, 93% used [0x00000000d7180000,0x00000000d735ee90,0x00000000d7380000)
  to   space 3584K, 0% used [0x00000000d7480000,0x00000000d7480000,0x00000000d7800000)
 ParOldGen       total 68608K, used 31767K [0x0000000080000000, 0x0000000084300000, 0x00000000d558000Event: 19.867 {heap After GC invocations=18 (full 2):
 PSYoungGen      total 32256K, used 320K [0x00000000d5580000, 0x00000000d7680000, 0x0000000100000000)
  eden space 30208K, 0% used [0x00000000d5580000,0x00000000d5580000,0x00000000d7300000)
  from space 2048K, 15% used [0x00000000d7480000,0x00000000d74d0000,0x00000000d7680000)
  to   space 1536K, 0% used [0x00000000d7300000,0x00000000d7300000,0x00000000d7480000)
 ParOldGen       total 68608K, used 33470K [0x0000000080000000, 0x0000000084300000, 0x00000000d5580000)
  Event: 22.404 {heap Before GC invocations=19 (full 2):
 PSYoungGen      total 32256K, used 30528K [0x00000000d5580000, 0x00000000d7680000, 0x0000000100000000)
  eden space 30208K, 100% used [0x00000000d5580000,0x00000000d7300000,0x00000000d7300000)
  from space 2048K, 15% used [0x00000000d7480000,0x00000000d74d0000,0x00000000d7680000)
  to   space 1536K, 0% used [0x00000000d7300000,0x00000000d7300000,0x00000000d7480000)
 ParOldGen       total 68608K, used 33470K [0x0000000080000000, 0x0000000084300000, 0x00000000d558000Event: 22.406 {heap After GC invocations=19 (full 2):
 PSYoungGen      total 31744K, used 256K [0x00000000d5580000, 0x00000000d7680000, 0x0000000100000000)
  eden space 30208K, 0% used [0x00000000d5580000,0x00000000d5580000,0x00000000d7300000)
  from space 1536K, 16% used [0x00000000d7300000,0x00000000d7340000,0x00000000d7480000)
  to   space 512K, 0% used [0x00000000d7600000,0x00000000d7600000,0x00000000d7680000)
 ParOldGen       total 68608K, used 33629K [0x0000000080000000, 0x0000000084300000, 0x00000000d5580000)
  o
Metaspace Usage History (20 events):
Event: 10.975 {metaspace Before GC invocations=10 (full 1):
 Metaspace       used 26716K, committed 27456K, reserved 1114112K
  class space    used 2110K, committed 2432K, reserved 1048576K
}
Event: 10.978 {metaspace After GC invocations=10 (full 1):
 Metaspace       used 26716K, committed 27456K, reserved 1114112K
  class space    used 2110K, committed 2432K, reserved 1048576K
}
Event: 11.519 {metaspace Before GC invocations=11 (full 1):
 Metaspace       used 29283K, committed 30144K, reserved 1114112K
  class space    used 2315K, committed 2688K, reserved 1048576K
}
Event: 11.522 {metaspace After GC invocations=11 (full 1):
 Metaspace       used 29283K, committed 30144K, reserved 1114112K
  class space    used 2315K, committed 2688K, reserved 1048576K
}
Event: 12.006 {metaspace Before GC invocations=12 (full 1):
 Metaspace       used 32526K, committed 33408K, reserved 1114112K
  class space    used 2640K, committed 3008K, reserved 1048576K
}
Event: 12.013 {metaspace After GC invocations=12 (full 1):
 Metaspace       used 32526K, committed 33408K, reserved 1114112K
  class space    used 2640K, committed 3008K, reserved 1048576K
}
Event: 12.236 {metaspace Before GC invocations=13 (full 2):
 Metaspace       used 34893K, committed 35840K, reserved 1114112K
  class space    used 2851K, committed 3264K, reserved 1048576K
}
Event: 12.286 {metaspace After GC invocations=13 (full 2):
 Metaspace       used 34893K, committed 35840K, reserved 1114112K
  class space    used 2851K, committed 3264K, reserved 1048576K
}
Event: 12.638 {metaspace Before GC invocations=14 (full 2):
 Metaspace       used 37355K, committed 38272K, reserved 1114112K
  class space    used 3118K, committed 3520K, reserved 1048576K
}
Event: 12.643 {metaspace After GC invocations=14 (full 2):
 Metaspace       used 37355K, committed 38272K, reserved 1114112K
  class space    used 3118K, committed 3520K, reserved 1048576K
}
Event: 13.131 {metaspace Before GC invocations=15 (full 2):
 Metaspace       used 40072K, committed 41024K, reserved 1114112K
  class space    used 3371K, committed 3776K, reserved 1048576K
}
Event: 13.138 {metaspace After GC invocations=15 (full 2):
 Metaspace       used 40072K, committed 41024K, reserved 1114112K
  class space    used 3371K, committed 3776K, reserved 1048576K
}
Event: 13.937 {metaspace Before GC invocations=16 (full 2):
 Metaspace       used 42481K, committed 43456K, reserved 1114112K
  class space    used 3652K, committed 4032K, reserved 1048576K
}
Event: 13.946 {metaspace After GC invocations=16 (full 2):
 Metaspace       used 42481K, committed 43456K, reserved 1114112K
  class space    used 3652K, committed 4032K, reserved 1048576K
}
Event: 17.699 {metaspace Before GC invocations=17 (full 2):
 Metaspace       used 45550K, committed 46592K, reserved 1114112K
  class space    used 4022K, committed 4480K, reserved 1048576K
}
Event: 17.711 {metaspace After GC invocations=17 (full 2):
 Metaspace       used 45550K, committed 46592K, reserved 1114112K
  class space    used 4022K, committed 4480K, reserved 1048576K
}
Event: 19.864 {metaspace Before GC invocations=18 (full 2):
 Metaspace       used 45997K, committed 47040K, reserved 1114112K
  class space    used 4059K, committed 4480K, reserved 1048576K
}
Event: 19.867 {metaspace After GC invocations=18 (full 2):
 Metaspace       used 45997K, committed 47040K, reserved 1114112K
  class space    used 4059K, committed 4480K, reserved 1048576K
}
Event: 22.404 {metaspace Before GC invocations=19 (full 2):
 Metaspace       used 46190K, committed 47232K, reserved 1114112K
  class space    used 4076K, committed 4544K, reserved 1048576K
}
Event: 22.406 {metaspace After GC invocations=19 (full 2):
 Metaspace       used 46190K, committed 47232K, reserved 1114112K
  class space    used 4076K, committed 4544K, reserved 1048576K
}

