# JRE version: Java(TM) SE Runtime Environment (25.0+37) (build 25+37-LTS-3491)
# Java VM: Java HotSpot(TM) 64-Bit Server VM (25+37-LTS-3491, mixed mode, sharing, tiered, compressed oops, compressed class ptrs, parallel gc, windows-amd64)
GC Precious Log:
 CardTable entry size: 512
 CPUs: 8 total, 8 available
 Memory: 16158M
 Large Page Support: Disabled
 NUMA Support: Disabled
 Compressed Oops: Enabled (32-bit)
 Alignments: Space 512K, Generation 512K, Heap 2M
 Heap Min Capacity: 100M
 Heap Initial Capacity: 100M
 Heap Max Capacity: 2G
 Pre-touch: Disabled
 Parallel Workers: 8
Heap:
 PSYoungGen      total 33280K, used 32581K [0x00000000d5580000, 0x00000000d7c00000, 0x0000000100000000)
  eden space 29184K, 97% used [0x00000000d5580000,0x00000000d7169690,0x00000000d7200000)
  from space 4096K, 97% used [0x00000000d7280000,0x00000000d7668000,0x00000000d7680000)
  to   space 5120K, 0% used [0x00000000d7700000,0x00000000d7700000,0x00000000d7c00000)
 ParOldGen       total 72192K, used 68079K [0x0000000080000000, 0x0000000084680000, 0x00000000d5580000)
  object space 72192K, 94% used [0x0000000080000000,0x000000008427bf60,0x0000000084680000)
GC Heap Usage History (20 events):
Event: 44.352 {heap Before GC invocations=35 (full 2):
 PSYoungGen      total 33280K, used 32793K [0x00000000d5580000, 0x00000000d7700000, 0x0000000100000000)
  eden space 32256K, 100% used [0x00000000d5580000,0x00000000d7500000,0x00000000d7500000)
  from space 1024K, 52% used [0x00000000d7600000,0x00000000d7686460,0x00000000d7700000)
  to   space 1024K, 0% used [0x00000000d7500000,0x00000000d7500000,0x00000000d7600000)
 ParOldGen       total 68608K, used 55000K [0x0000000080000000, 0x0000000084300000, 0x00000000d558000Event: 44.359 {heap After GC invocations=35 (full 2):
 PSYoungGen      total 32768K, used 994K [0x00000000d5580000, 0x00000000d8580000, 0x0000000100000000)
  eden space 31744K, 0% used [0x00000000d5580000,0x00000000d5580000,0x00000000d7480000)
  from space 1024K, 97% used [0x00000000d7500000,0x00000000d75f8a10,0x00000000d7600000)
  to   space 8704K, 0% used [0x00000000d7d00000,0x00000000d7d00000,0x00000000d8580000)
 ParOldGen       total 68608K, used 61412K [0x0000000080000000, 0x0000000084300000, 0x00000000d5580000)
  Event: 44.562 {heap Before GC invocations=36 (full 2):
 PSYoungGen      total 32768K, used 32738K [0x00000000d5580000, 0x00000000d8580000, 0x0000000100000000)
  eden space 31744K, 100% used [0x00000000d5580000,0x00000000d7480000,0x00000000d7480000)
  from space 1024K, 97% used [0x00000000d7500000,0x00000000d75f8a10,0x00000000d7600000)
  to   space 8704K, 0% used [0x00000000d7d00000,0x00000000d7d00000,0x00000000d8580000)
 ParOldGen       total 68608K, used 61412K [0x0000000080000000, 0x0000000084300000, 0x00000000d558000Event: 44.567 {heap After GC invocations=36 (full 2):
 PSYoungGen      total 34304K, used 2664K [0x00000000d5580000, 0x00000000d8000000, 0x0000000100000000)
  eden space 31232K, 0% used [0x00000000d5580000,0x00000000d5580000,0x00000000d7400000)
  from space 3072K, 86% used [0x00000000d7d00000,0x00000000d7f9a0f8,0x00000000d8000000)
  to   space 4608K, 0% used [0x00000000d7700000,0x00000000d7700000,0x00000000d7b80000)
 ParOldGen       total 68608K, used 61620K [0x0000000080000000, 0x0000000084300000, 0x00000000d5580000)
 Event: 44.801 {heap Before GC invocations=37 (full 2):
 PSYoungGen      total 34304K, used 33896K [0x00000000d5580000, 0x00000000d8000000, 0x0000000100000000)
  eden space 31232K, 100% used [0x00000000d5580000,0x00000000d7400000,0x00000000d7400000)
  from space 3072K, 86% used [0x00000000d7d00000,0x00000000d7f9a0f8,0x00000000d8000000)
  to   space 4608K, 0% used [0x00000000d7700000,0x00000000d7700000,0x00000000d7b80000)
 ParOldGen       total 68608K, used 61620K [0x0000000080000000, 0x0000000084300000, 0x00000000d558000Event: 44.806 {heap After GC invocations=37 (full 2):
 PSYoungGen      total 35328K, used 488K [0x00000000d5580000, 0x00000000d7d80000, 0x0000000100000000)
  eden space 30720K, 0% used [0x00000000d5580000,0x00000000d5580000,0x00000000d7380000)
  from space 4608K, 10% used [0x00000000d7700000,0x00000000d777a028,0x00000000d7b80000)
  to   space 2048K, 0% used [0x00000000d7b80000,0x00000000d7b80000,0x00000000d7d80000)
 ParOldGen       total 68608K, used 63825K [0x0000000080000000, 0x0000000084300000, 0x00000000d5580000)
  Event: 45.017 {heap Before GC invocations=38 (full 2):
 PSYoungGen      total 35328K, used 31208K [0x00000000d5580000, 0x00000000d7d80000, 0x0000000100000000)
  eden space 30720K, 100% used [0x00000000d5580000,0x00000000d7380000,0x00000000d7380000)
  from space 4608K, 10% used [0x00000000d7700000,0x00000000d777a028,0x00000000d7b80000)
  to   space 2048K, 0% used [0x00000000d7b80000,0x00000000d7b80000,0x00000000d7d80000)
 ParOldGen       total 68608K, used 63825K [0x0000000080000000, 0x0000000084300000, 0x00000000d558000Event: 45.020 {heap After GC invocations=38 (full 2):
 PSYoungGen      total 38912K, used 698K [0x00000000d5580000, 0x00000000d7c80000, 0x0000000100000000)
  eden space 37888K, 0% used [0x00000000d5580000,0x00000000d5580000,0x00000000d7a80000)
  from space 1024K, 68% used [0x00000000d7b80000,0x00000000d7c2e868,0x00000000d7c80000)
  to   space 1024K, 0% used [0x00000000d7a80000,0x00000000d7a80000,0x00000000d7b80000)
 ParOldGen       total 68608K, used 64094K [0x0000000080000000, 0x0000000084300000, 0x00000000d5580000)
  Event: 45.733 {heap Before GC invocations=39 (full 2):
 PSYoungGen      total 38912K, used 38586K [0x00000000d5580000, 0x00000000d7c80000, 0x0000000100000000)
  eden space 37888K, 100% used [0x00000000d5580000,0x00000000d7a80000,0x00000000d7a80000)
  from space 1024K, 68% used [0x00000000d7b80000,0x00000000d7c2e868,0x00000000d7c80000)
  to   space 1024K, 0% used [0x00000000d7a80000,0x00000000d7a80000,0x00000000d7b80000)
 ParOldGen       total 68608K, used 64094K [0x0000000080000000, 0x0000000084300000, 0x00000000d558000Event: 45.736 {heap After GC invocations=39 (full 2):
 PSYoungGen      total 37888K, used 922K [0x00000000d5580000, 0x00000000d7c00000, 0x0000000100000000)
  eden space 36864K, 0% used [0x00000000d5580000,0x00000000d5580000,0x00000000d7980000)
  from space 1024K, 90% used [0x00000000d7a80000,0x00000000d7b66900,0x00000000d7b80000)
  to   space 512K, 0% used [0x00000000d7b80000,0x00000000d7b80000,0x00000000d7c00000)
 ParOldGen       total 68608K, used 64391K [0x0000000080000000, 0x0000000084300000, 0x00000000d5580000)
  oEvent: 46.041 {heap Before GC invocations=40 (full 2):
 PSYoungGen      total 37888K, used 37786K [0x00000000d5580000, 0x00000000d7c00000, 0x0000000100000000)
  eden space 36864K, 100% used [0x00000000d5580000,0x00000000d7980000,0x00000000d7980000)
  from space 1024K, 90% used [0x00000000d7a80000,0x00000000d7b66900,0x00000000d7b80000)
  to   space 512K, 0% used [0x00000000d7b80000,0x00000000d7b80000,0x00000000d7c00000)
 ParOldGen       total 68608K, used 64391K [0x0000000080000000, 0x0000000084300000, 0x00000000d5580000Event: 46.046 {heap After GC invocations=40 (full 2):
 PSYoungGen      total 35840K, used 486K [0x00000000d5580000, 0x00000000d7f80000, 0x0000000100000000)
  eden space 35328K, 0% used [0x00000000d5580000,0x00000000d5580000,0x00000000d7800000)
  from space 512K, 95% used [0x00000000d7b80000,0x00000000d7bf9aa0,0x00000000d7c00000)
  to   space 3584K, 0% used [0x00000000d7800000,0x00000000d7800000,0x00000000d7b80000)
 ParOldGen       total 68608K, used 66812K [0x0000000080000000, 0x0000000084300000, 0x00000000d5580000)
  oEvent: 47.019 {heap Before GC invocations=41 (full 2):
 PSYoungGen      total 35840K, used 35814K [0x00000000d5580000, 0x00000000d7f80000, 0x0000000100000000)
  eden space 35328K, 100% used [0x00000000d5580000,0x00000000d7800000,0x00000000d7800000)
  from space 512K, 95% used [0x00000000d7b80000,0x00000000d7bf9aa0,0x00000000d7c00000)
  to   space 3584K, 0% used [0x00000000d7800000,0x00000000d7800000,0x00000000d7b80000)
 ParOldGen       total 68608K, used 66812K [0x0000000080000000, 0x0000000084300000, 0x00000000d5580000Event: 47.022 {heap After GC invocations=41 (full 2):
 PSYoungGen      total 35328K, used 640K [0x00000000d5580000, 0x00000000d7c00000, 0x0000000100000000)
  eden space 34304K, 0% used [0x00000000d5580000,0x00000000d5580000,0x00000000d7700000)
  from space 1024K, 62% used [0x00000000d7800000,0x00000000d78a0000,0x00000000d7900000)
  to   space 1536K, 0% used [0x00000000d7a80000,0x00000000d7a80000,0x00000000d7c00000)
 ParOldGen       total 68608K, used 66980K [0x0000000080000000, 0x0000000084300000, 0x00000000d5580000)
  Event: 48.445 {heap Before GC invocations=42 (full 2):
 PSYoungGen      total 35328K, used 34944K [0x00000000d5580000, 0x00000000d7c00000, 0x0000000100000000)
  eden space 34304K, 100% used [0x00000000d5580000,0x00000000d7700000,0x00000000d7700000)
  from space 1024K, 62% used [0x00000000d7800000,0x00000000d78a0000,0x00000000d7900000)
  to   space 1536K, 0% used [0x00000000d7a80000,0x00000000d7a80000,0x00000000d7c00000)
 ParOldGen       total 68608K, used 66980K [0x0000000080000000, 0x0000000084300000, 0x00000000d558000Event: 48.451 {heap After GC invocations=42 (full 2):
 PSYoungGen      total 31232K, used 1532K [0x00000000d5580000, 0x00000000d8680000, 0x0000000100000000)
  eden space 29696K, 0% used [0x00000000d5580000,0x00000000d5580000,0x00000000d7280000)
  from space 1536K, 99% used [0x00000000d7a80000,0x00000000d7bff1d8,0x00000000d7c00000)
  to   space 8192K, 0% used [0x00000000d7280000,0x00000000d7280000,0x00000000d7a80000)
 ParOldGen       total 72192K, used 72164K [0x0000000080000000, 0x0000000084680000, 0x00000000d5580000)
 Event: 49.964 {heap Before GC invocations=43 (full 3):
 PSYoungGen      total 31232K, used 22633K [0x00000000d5580000, 0x00000000d8680000, 0x0000000100000000)
  eden space 29696K, 71% used [0x00000000d5580000,0x00000000d6a1b3a8,0x00000000d7280000)
  from space 1536K, 99% used [0x00000000d7a80000,0x00000000d7bff1d8,0x00000000d7c00000)
  to   space 8192K, 0% used [0x00000000d7280000,0x00000000d7280000,0x00000000d7a80000)
 ParOldGen       total 72192K, used 72164K [0x0000000080000000, 0x0000000084680000, 0x00000000d5580000Event: 50.108 {heap After GC invocations=43 (full 3):
 PSYoungGen      total 31232K, used 0K [0x00000000d5580000, 0x00000000d8680000, 0x0000000100000000)
  eden space 29696K, 0% used [0x00000000d5580000,0x00000000d5580000,0x00000000d7280000)
  from space 1536K, 0% used [0x00000000d7a80000,0x00000000d7a80000,0x00000000d7c00000)
  to   space 8192K, 0% used [0x00000000d7280000,0x00000000d7280000,0x00000000d7a80000)
 ParOldGen       total 72192K, used 68071K [0x0000000080000000, 0x0000000084680000, 0x00000000d5580000)
  objEvent: 51.926 {heap Before GC invocations=44 (full 3):
 PSYoungGen      total 31232K, used 29696K [0x00000000d5580000, 0x00000000d8680000, 0x0000000100000000)
  eden space 29696K, 100% used [0x00000000d5580000,0x00000000d7280000,0x00000000d7280000)
  from space 1536K, 0% used [0x00000000d7a80000,0x00000000d7a80000,0x00000000d7c00000)
  to   space 8192K, 0% used [0x00000000d7280000,0x00000000d7280000,0x00000000d7a80000)
 ParOldGen       total 72192K, used 68071K [0x0000000080000000, 0x0000000084680000, 0x00000000d5580000Event: 51.933 {heap After GC invocations=44 (full 3):
 PSYoungGen      total 33280K, used 4000K [0x00000000d5580000, 0x00000000d7c00000, 0x0000000100000000)
  eden space 29184K, 0% used [0x00000000d5580000,0x00000000d5580000,0x00000000d7200000)
  from space 4096K, 97% used [0x00000000d7280000,0x00000000d7668000,0x00000000d7680000)
  to   space 5120K, 0% used [0x00000000d7700000,0x00000000d7700000,0x00000000d7c00000)
 ParOldGen       total 72192K, used 68079K [0x0000000080000000, 0x0000000084680000, 0x00000000d5580000)
 
Metaspace Usage History (20 events):
Event: 44.352 {metaspace Before GC invocations=35 (full 2):
 Metaspace       used 52458K, committed 53632K, reserved 1114112K
  class space    used 4588K, committed 5120K, reserved 1048576K
}
Event: 44.359 {metaspace After GC invocations=35 (full 2):
 Metaspace       used 52458K, committed 53632K, reserved 1114112K
  class space    used 4588K, committed 5120K, reserved 1048576K
}
Event: 44.562 {metaspace Before GC invocations=36 (full 2):
 Metaspace       used 52812K, committed 53952K, reserved 1114112K
  class space    used 4612K, committed 5120K, reserved 1048576K
}
Event: 44.567 {metaspace After GC invocations=36 (full 2):
 Metaspace       used 52812K, committed 53952K, reserved 1114112K
  class space    used 4612K, committed 5120K, reserved 1048576K
}
Event: 44.801 {metaspace Before GC invocations=37 (full 2):
 Metaspace       used 54132K, committed 55296K, reserved 1114112K
  class space    used 4733K, committed 5248K, reserved 1048576K
}
Event: 44.806 {metaspace After GC invocations=37 (full 2):
 Metaspace       used 54132K, committed 55296K, reserved 1114112K
  class space    used 4733K, committed 5248K, reserved 1048576K
}
Event: 45.017 {metaspace Before GC invocations=38 (full 2):
 Metaspace       used 54336K, committed 55424K, reserved 1114112K
  class space    used 4757K, committed 5248K, reserved 1048576K
}
Event: 45.020 {metaspace After GC invocations=38 (full 2):
 Metaspace       used 54336K, committed 55424K, reserved 1114112K
  class space    used 4757K, committed 5248K, reserved 1048576K
}
Event: 45.733 {metaspace Before GC invocations=39 (full 2):
 Metaspace       used 55038K, committed 56192K, reserved 1114112K
  class space    used 4844K, committed 5312K, reserved 1048576K
}
Event: 45.736 {metaspace After GC invocations=39 (full 2):
 Metaspace       used 55038K, committed 56192K, reserved 1114112K
  class space    used 4844K, committed 5312K, reserved 1048576K
}
Event: 46.041 {metaspace Before GC invocations=40 (full 2):
 Metaspace       used 55111K, committed 56320K, reserved 1114112K
  class space    used 4874K, committed 5376K, reserved 1048576K
}
Event: 46.046 {metaspace After GC invocations=40 (full 2):
 Metaspace       used 55111K, committed 56320K, reserved 1114112K
  class space    used 4874K, committed 5376K, reserved 1048576K
}
Event: 47.019 {metaspace Before GC invocations=41 (full 2):
 Metaspace       used 55762K, committed 56960K, reserved 1114112K
  class space    used 4925K, committed 5440K, reserved 1048576K
}
Event: 47.022 {metaspace After GC invocations=41 (full 2):
 Metaspace       used 55762K, committed 56960K, reserved 1114112K
  class space    used 4925K, committed 5440K, reserved 1048576K
}
Event: 48.445 {metaspace Before GC invocations=42 (full 2):
 Metaspace       used 56727K, committed 57984K, reserved 1114112K
  class space    used 5009K, committed 5568K, reserved 1048576K
}
Event: 48.451 {metaspace After GC invocations=42 (full 2):
 Metaspace       used 56727K, committed 57984K, reserved 1114112K
  class space    used 5009K, committed 5568K, reserved 1048576K
}
Event: 49.964 {metaspace Before GC invocations=43 (full 3):
 Metaspace       used 58590K, committed 59776K, reserved 1114112K
  class space    used 5158K, committed 5696K, reserved 1048576K
}
Event: 50.108 {metaspace After GC invocations=43 (full 3):
 Metaspace       used 58589K, committed 59776K, reserved 1114112K
  class space    used 5158K, committed 5696K, reserved 1048576K
}
Event: 51.926 {metaspace Before GC invocations=44 (full 3):
 Metaspace       used 60453K, committed 61632K, reserved 1114112K
  class space    used 5247K, committed 5760K, reserved 1048576K
}
Event: 51.933 {metaspace After GC invocations=44 (full 3):
 Metaspace       used 60453K, committed 61632K, reserved 1114112K
  class space    used 5247K, committed 5760K, reserved 1048576K
}

