# JRE version: Java(TM) SE Runtime Environment (25.0+37) (build 25+37-LTS-3491)
# Java VM: Java HotSpot(TM) 64-Bit Server VM (25+37-LTS-3491, mixed mode, sharing, tiered, compressed oops, compressed class ptrs, g1 gc, windows-amd64)
GC Precious Log:
 CardTable entry size: 512
 Card Set container configuration: InlinePtr #cards 4 size 8 Array Of Cards #cards 16 size 48 Howl #buckets 8 coarsen threshold 3686 Howl Bitmap #cards 512 size 80 coarsen threshold 460 Card regions per heap region 1 cards per card region 4096
 CPUs: 8 total, 8 available
 Memory: 16158M
 Large Page Support: Disabled
 NUMA Support: Disabled
 Compressed Oops: Enabled (Zero based)
 Heap Region Size: 2M
 Heap Min Capacity: 8M
 Heap Initial Capacity: 254M
 Heap Max Capacity: 4040M
 Pre-touch: Disabled
 Parallel Workers: 8
 Concurrent Workers: 2
 Concurrent Refinement Workers: 8
 Periodic GC: Disabled
Heap:
 garbage-first heap   total reserved 4136960K, committed 167936K, used 95971K [0x0000000703800000, 0x0000000800000000)
  region size 2048K, 22 young (45056K), 2 survivors (4096K)
GC Heap Usage History (20 events):
Event: 12.901 {heap Before GC invocations=11 (full 0):
 garbage-first heap   total reserved 4136960K, committed 161792K, used 42911K [0x0000000703800000, 0x0000000800000000)
  region size 2048K, 12 young (24576K), 2 survivors (4096K)
}
Event: 12.909 {heap After GC invocations=12 (full 0):
 garbage-first heap   total reserved 4136960K, committed 161792K, used 27487K [0x0000000703800000, 0x0000000800000000)
  region size 2048K, 2 young (4096K), 2 survivors (4096K)
}
Event: 14.784 {heap Before GC invocations=13 (full 0):
 garbage-first heap   total reserved 4136960K, committed 96256K, used 80735K [0x0000000703800000, 0x0000000800000000)
  region size 2048K, 28 young (57344K), 2 survivors (4096K)
}
Event: 14.793 {heap After GC invocations=14 (full 0):
 garbage-first heap   total reserved 4136960K, committed 96256K, used 31790K [0x0000000703800000, 0x0000000800000000)
  region size 2048K, 4 young (8192K), 4 survivors (8192K)
}
Event: 15.322 {heap Before GC invocations=14 (full 0):
 garbage-first heap   total reserved 4136960K, committed 96256K, used 80942K [0x0000000703800000, 0x0000000800000000)
  region size 2048K, 28 young (57344K), 4 survivors (8192K)
}
Event: 15.340 {heap After GC invocations=15 (full 0):
 garbage-first heap   total reserved 4136960K, committed 96256K, used 33669K [0x0000000703800000, 0x0000000800000000)
  region size 2048K, 4 young (8192K), 4 survivors (8192K)
}
Event: 15.553 {heap Before GC invocations=15 (full 0):
 garbage-first heap   total reserved 4136960K, committed 96256K, used 80773K [0x0000000703800000, 0x0000000800000000)
  region size 2048K, 27 young (55296K), 4 survivors (8192K)
}
Event: 15.564 {heap After GC invocations=16 (full 0):
 garbage-first heap   total reserved 4136960K, committed 96256K, used 39471K [0x0000000703800000, 0x0000000800000000)
  region size 2048K, 4 young (8192K), 4 survivors (8192K)
}
Event: 15.669 {heap Before GC invocations=16 (full 0):
 garbage-first heap   total reserved 4136960K, committed 96256K, used 78383K [0x0000000703800000, 0x0000000800000000)
  region size 2048K, 24 young (49152K), 4 survivors (8192K)
}
Event: 15.690 {heap After GC invocations=17 (full 0):
 garbage-first heap   total reserved 4136960K, committed 106496K, used 55916K [0x0000000703800000, 0x0000000800000000)
  region size 2048K, 3 young (6144K), 3 survivors (6144K)
}
Event: 15.862 {heap Before GC invocations=18 (full 0):
 garbage-first heap   total reserved 4136960K, committed 106496K, used 82540K [0x0000000703800000, 0x0000000800000000)
  region size 2048K, 17 young (34816K), 3 survivors (6144K)
}
Event: 15.871 {heap After GC invocations=19 (full 0):
 garbage-first heap   total reserved 4136960K, committed 106496K, used 60217K [0x0000000703800000, 0x0000000800000000)
  region size 2048K, 2 young (4096K), 2 survivors (4096K)
}
Event: 15.952 {heap Before GC invocations=19 (full 0):
 garbage-first heap   total reserved 4136960K, committed 106496K, used 86841K [0x0000000703800000, 0x0000000800000000)
  region size 2048K, 15 young (30720K), 2 survivors (4096K)
}
Event: 15.958 {heap After GC invocations=20 (full 0):
 garbage-first heap   total reserved 4136960K, committed 167936K, used 59945K [0x0000000703800000, 0x0000000800000000)
  region size 2048K, 1 young (2048K), 1 survivors (2048K)
}
Event: 16.175 {heap Before GC invocations=20 (full 0):
 garbage-first heap   total reserved 4136960K, committed 167936K, used 125481K [0x0000000703800000, 0x0000000800000000)
  region size 2048K, 33 young (67584K), 1 survivors (2048K)
}
Event: 16.187 {heap After GC invocations=21 (full 0):
 garbage-first heap   total reserved 4136960K, committed 167936K, used 71965K [0x0000000703800000, 0x0000000800000000)
  region size 2048K, 5 young (10240K), 5 survivors (10240K)
}
Event: 16.351 {heap Before GC invocations=22 (full 0):
 garbage-first heap   total reserved 4136960K, committed 167936K, used 121117K [0x0000000703800000, 0x0000000800000000)
  region size 2048K, 33 young (67584K), 5 survivors (10240K)
}
Event: 16.362 {heap After GC invocations=23 (full 0):
 garbage-first heap   total reserved 4136960K, committed 167936K, used 67148K [0x0000000703800000, 0x0000000800000000)
  region size 2048K, 2 young (4096K), 2 survivors (4096K)
}
Event: 16.723 {heap Before GC invocations=23 (full 0):
 garbage-first heap   total reserved 4136960K, committed 167936K, used 128588K [0x0000000703800000, 0x0000000800000000)
  region size 2048K, 32 young (65536K), 2 survivors (4096K)
}
Event: 16.728 {heap After GC invocations=24 (full 0):
 garbage-first heap   total reserved 4136960K, committed 167936K, used 57059K [0x0000000703800000, 0x0000000800000000)
  region size 2048K, 2 young (4096K), 2 survivors (4096K)
}

